2023-07-22 22:28:27 [main] INFO  c.c.t.TwitterToKafkaServiceApplication - Starting TwitterToKafkaServiceApplication using Java 17.0.1 with PID 7028 (G:\_JAVA\twitter\twitter-microservices\twitter-to-kafka-service\target\classes started by User in G:\_JAVA\twitter\twitter-microservices)
2023-07-22 22:28:27 [main] INFO  c.c.t.TwitterToKafkaServiceApplication - No active profile set, falling back to 1 default profile: "default"
2023-07-22 22:28:27 [main] INFO  c.c.t.TwitterToKafkaServiceApplication - Started TwitterToKafkaServiceApplication in 1.397 seconds (process running for 3.99)
2023-07-22 22:28:27 [Twitter Stream consumer /  [1][initializing]] INFO  twitter4j.TwitterStreamImpl - Establishing connection.
2023-07-22 22:28:27 [main] INFO  c.c.t.r.i.TwitterKafkaStreamRunner - Started filtering twitter stream for keywords [Java, Spring, Microservices, Kafka, Elasticsearch]
2023-07-22 22:28:28 [Twitter Stream consumer /  [1][Establishing connection]] INFO  twitter4j.TwitterStreamImpl - Connection reset
2023-07-22 22:28:28 [Twitter Stream consumer /  [1][Establishing connection]] INFO  twitter4j.TwitterStreamImpl - Waiting for 250 milliseconds
2023-07-22 22:28:28 [Twitter Stream consumer /  [1][Waiting for 250 milliseconds]] INFO  twitter4j.TwitterStreamImpl - Establishing connection.
2023-07-22 22:28:29 [Twitter Stream consumer /  [1][Establishing connection]] INFO  twitter4j.TwitterStreamImpl - Connection reset
2023-07-22 22:28:29 [Twitter Stream consumer /  [1][Establishing connection]] INFO  twitter4j.TwitterStreamImpl - Waiting for 500 milliseconds
2023-07-22 22:28:30 [Twitter Stream consumer /  [1][Waiting for 500 milliseconds]] INFO  twitter4j.TwitterStreamImpl - Establishing connection.
2023-07-22 22:28:30 [Twitter Stream consumer /  [1][Establishing connection]] INFO  twitter4j.TwitterStreamImpl - Connection reset
2023-07-22 22:28:30 [Twitter Stream consumer /  [1][Establishing connection]] INFO  twitter4j.TwitterStreamImpl - Waiting for 1000 milliseconds
2023-07-22 22:28:31 [Twitter Stream consumer /  [1][Waiting for 1000 milliseconds]] INFO  twitter4j.TwitterStreamImpl - Establishing connection.
2023-07-22 22:28:31 [Twitter Stream consumer /  [1][Establishing connection]] INFO  twitter4j.TwitterStreamImpl - Connection reset
2023-07-22 22:28:31 [Twitter Stream consumer /  [1][Establishing connection]] INFO  twitter4j.TwitterStreamImpl - Waiting for 2000 milliseconds
2023-07-22 22:28:33 [Twitter Stream consumer /  [1][Waiting for 2000 milliseconds]] INFO  twitter4j.TwitterStreamImpl - Establishing connection.
2023-07-22 22:28:34 [Twitter Stream consumer /  [1][Establishing connection]] INFO  twitter4j.TwitterStreamImpl - Connection reset
2023-07-22 22:28:34 [Twitter Stream consumer /  [1][Establishing connection]] INFO  twitter4j.TwitterStreamImpl - Waiting for 4000 milliseconds
2023-07-22 22:28:38 [Twitter Stream consumer /  [1][Waiting for 4000 milliseconds]] INFO  twitter4j.TwitterStreamImpl - Establishing connection.
2023-07-22 22:28:41 [Twitter Stream consumer /  [1][Establishing connection]] INFO  twitter4j.TwitterStreamImpl - Connection reset
2023-07-22 22:28:41 [Twitter Stream consumer /  [1][Establishing connection]] INFO  twitter4j.TwitterStreamImpl - Waiting for 8000 milliseconds
2023-07-22 22:28:49 [Twitter Stream consumer /  [1][Waiting for 8000 milliseconds]] INFO  twitter4j.TwitterStreamImpl - Establishing connection.
2023-07-22 22:28:49 [Twitter Stream consumer /  [1][Establishing connection]] INFO  twitter4j.TwitterStreamImpl - Connection reset
2023-07-22 22:28:49 [Twitter Stream consumer /  [1][Establishing connection]] INFO  twitter4j.TwitterStreamImpl - Waiting for 16000 milliseconds
2023-07-22 22:28:52 [SpringApplicationShutdownHook] INFO  c.c.t.r.i.TwitterKafkaStreamRunner - Closing twitter stream
